<?xml version="1.0" encoding="UTF-8"?>
<!-- Generated by org.testng.reporters.JUnitXMLReporter -->
<testsuite ignored="0" hostname="DESKTOP-R6MQ6V0" failures="0" tests="5" name="OpenCartTest" time="53.26" errors="0" timestamp="2023-01-08T22:39:23 NPT">
  <testcase classname="testCases.TC_003_LoginDDT" name="test_loginDDT" time="3.251"/>
  <testcase classname="testCases.TC_003_LoginDDT" name="test_loginDDT" time="11.483"/>
  <testcase classname="testCases.TC_003_LoginDDT" name="test_loginDDT" time="11.498"/>
  <testcase classname="testCases.TC_003_LoginDDT" name="test_loginDDT" time="11.478"/>
  <testcase classname="testCases.TC_003_LoginDDT" name="test_loginDDT" time="1.939"/>
</testsuite> <!-- OpenCartTest -->
