<?xml version="1.0" encoding="UTF-8"?>
<!-- Generated by org.testng.reporters.JUnitXMLReporter -->
<testsuite ignored="0" hostname="DESKTOP-R6MQ6V0" failures="0" tests="5" name="OpenCartTest" time="50.038" errors="0" timestamp="2023-01-09T21:30:42 NPT">
  <testcase classname="testCases.TC_003_LoginDDT" name="test_loginDDT" time="2.8"/>
  <testcase classname="testCases.TC_003_LoginDDT" name="test_loginDDT" time="11.539"/>
  <testcase classname="testCases.TC_003_LoginDDT" name="test_loginDDT" time="11.547"/>
  <testcase classname="testCases.TC_003_LoginDDT" name="test_loginDDT" time="11.642"/>
  <testcase classname="testCases.TC_003_LoginDDT" name="test_loginDDT" time="2.592"/>
</testsuite> <!-- OpenCartTest -->
