<?xml version="1.0" encoding="UTF-8"?>
<!-- Generated by org.testng.reporters.JUnitXMLReporter -->
<testsuite ignored="0" hostname="DESKTOP-R6MQ6V0" failures="0" tests="5" name="OpenCartTest" time="51.269" errors="0" timestamp="2023-01-09T18:29:00 NPT">
  <testcase classname="testCases.TC_003_LoginDDT" name="test_loginDDT" time="2.826"/>
  <testcase classname="testCases.TC_003_LoginDDT" name="test_loginDDT" time="11.603"/>
  <testcase classname="testCases.TC_003_LoginDDT" name="test_loginDDT" time="11.339"/>
  <testcase classname="testCases.TC_003_LoginDDT" name="test_loginDDT" time="11.401"/>
  <testcase classname="testCases.TC_003_LoginDDT" name="test_loginDDT" time="1.955"/>
</testsuite> <!-- OpenCartTest -->
